<?xml version="1.0" encoding="UTF-8"?>
<testsuite name="sousbidon2.Bidon2Test" tests="1" skipped="0" failures="0" errors="0" timestamp="2017-01-31T19:38:37" hostname="Maxibille.local" time="0.001">
  <properties/>
  <testcase name="getBidon" classname="sousbidon2.Bidon2Test" time="0.001"/>
  <system-out><![CDATA[]]></system-out>
  <system-err><![CDATA[]]></system-err>
</testsuite>
